0 info it worked if it ends with ok
1 verbose cli [ '/usr/local/bin/node', '/usr/local/bin/npm', 'run', 'expose' ]
2 info using npm@3.10.10
3 info using node@v6.10.2
4 verbose run-script [ 'preexpose', 'expose', 'postexpose' ]
5 info lifecycle portfolio-1.2@1.0.0~preexpose: portfolio-1.2@1.0.0
6 silly lifecycle portfolio-1.2@1.0.0~preexpose: no script for preexpose, continuing
7 info lifecycle portfolio-1.2@1.0.0~expose: portfolio-1.2@1.0.0
8 verbose lifecycle portfolio-1.2@1.0.0~expose: unsafe-perm in lifecycle true
9 verbose lifecycle portfolio-1.2@1.0.0~expose: PATH: /usr/local/lib/node_modules/npm/bin/node-gyp-bin:/Users/chanelmepschen/Desktop/portfolio-1.2/node_modules/.bin:/usr/local/bin:/usr/bin:/bin:/usr/sbin:/sbin
10 verbose lifecycle portfolio-1.2@1.0.0~expose: CWD: /Users/chanelmepschen/Desktop/portfolio-1.2
11 silly lifecycle portfolio-1.2@1.0.0~expose: Args: [ '-c', 'http 4000' ]
12 info lifecycle portfolio-1.2@1.0.0~expose: Failed to exec expose script
13 verbose stack Error: portfolio-1.2@1.0.0 expose: `http 4000`
13 verbose stack spawn ENOENT
13 verbose stack     at ChildProcess.<anonymous> (/usr/local/lib/node_modules/npm/lib/utils/spawn.js:33:16)
13 verbose stack     at emitTwo (events.js:106:13)
13 verbose stack     at ChildProcess.emit (events.js:191:7)
13 verbose stack     at maybeClose (internal/child_process.js:886:16)
13 verbose stack     at Process.ChildProcess._handle.onexit (internal/child_process.js:226:5)
14 verbose pkgid portfolio-1.2@1.0.0
15 verbose cwd /Users/chanelmepschen/Desktop/portfolio-1.2
16 error Darwin 15.6.0
17 error argv "/usr/local/bin/node" "/usr/local/bin/npm" "run" "expose"
18 error node v6.10.2
19 error npm  v3.10.10
20 error file sh
21 error code ELIFECYCLE
22 error errno ENOENT
23 error syscall spawn
24 error portfolio-1.2@1.0.0 expose: `http 4000`
24 error spawn ENOENT
25 error Failed at the portfolio-1.2@1.0.0 expose script 'http 4000'.
25 error Make sure you have the latest version of node.js and npm installed.
25 error If you do, this is most likely a problem with the portfolio-1.2 package,
25 error not with npm itself.
25 error Tell the author that this fails on your system:
25 error     http 4000
25 error You can get information on how to open an issue for this project with:
25 error     npm bugs portfolio-1.2
25 error Or if that isn't available, you can get their info via:
25 error     npm owner ls portfolio-1.2
25 error There is likely additional logging output above.
26 verbose exit [ 1, true ]
